<?xml version="1.0" encoding="UTF-8"?>
<!-- Generated by org.testng.reporters.JUnitReportReporter -->
<testsuite hostname="DESKTOP-R589HK7" failures="0" tests="8" name="adactin.test.BookedItineraryTest" time="178.851" errors="0" timestamp="2025-04-09T10:29:06 IST" skipped="0">
  <testcase classname="adactin.test.BookedItineraryTest" name="testBookedItinerariLink" time="18.085"/>
  <testcase classname="adactin.test.BookedItineraryTest" name="verifyDetails" time="0.073"/>
  <testcase classname="adactin.test.BookedItineraryTest" name="testCancelBookingWithCheckBox" time="23.264"/>
  <testcase classname="adactin.test.BookedItineraryTest" name="testCancelWithOrderBtn" time="45.295"/>
  <testcase classname="adactin.test.BookedItineraryTest" name="testSearchOrder" time="51.825"/>
  <testcase classname="adactin.test.BookedItineraryTest" name="testSelectAllCehckbox" time="18.966"/>
  <testcase classname="adactin.test.BookedItineraryTest" name="testLogout" time="20.900"/>
  <testcase classname="adactin.test.BookedItineraryTest" name="testLoginAgain" time="0.443"/>
</testsuite> <!-- adactin.test.BookedItineraryTest -->
