<?xml version="1.0" encoding="UTF-8"?>
<!-- Generated by org.testng.reporters.JUnitReportReporter -->
<testsuite hostname="DESKTOP-R589HK7" failures="0" tests="2" name="test.LoginTest" time="0.306" errors="0" timestamp="2025-04-08T13:29:33 IST" skipped="0">
  <testcase classname="test.LoginTest" name="testLogo" time="0.230"/>
  <testcase classname="test.LoginTest" name="isLoginBtnEnabled" time="0.076"/>
</testsuite> <!-- test.LoginTest -->
