<?xml version="1.0" encoding="UTF-8"?>
<!-- Generated by org.testng.reporters.JUnitReportReporter -->
<testsuite hostname="DESKTOP-R589HK7" failures="0" tests="2" name="adactin.test.LoginTest" time="0.301" errors="0" timestamp="2025-04-09T10:29:06 IST" skipped="0">
  <testcase classname="adactin.test.LoginTest" name="testLogo" time="0.235"/>
  <testcase classname="adactin.test.LoginTest" name="isLoginBtnEnabled" time="0.066"/>
</testsuite> <!-- adactin.test.LoginTest -->
