<?xml version="1.0" encoding="UTF-8"?>
<!-- Generated by org.testng.reporters.JUnitReportReporter -->
<testsuite hostname="DESKTOP-R589HK7" failures="0" tests="11" name="adactin.test.SearchHotelTest" time="64.545" errors="0" timestamp="2025-04-09T10:29:06 IST" skipped="0">
  <testcase classname="adactin.test.SearchHotelTest" name="testLinksDispay" time="1.643"/>
  <testcase classname="adactin.test.SearchHotelTest" name="testSearchHotel" time="3.170"/>
  <testcase classname="adactin.test.SearchHotelTest" name="bookingWithPastDate" time="2.816"/>
  <testcase classname="adactin.test.SearchHotelTest" name="searchWithoutLocation" time="0.779"/>
  <testcase classname="adactin.test.SearchHotelTest" name="testSelectHotel" time="9.670"/>
  <testcase classname="adactin.test.SearchHotelTest" name="testSelectHotel" time="9.714"/>
  <testcase classname="adactin.test.SearchHotelTest" name="testSelectHotel" time="10.625"/>
  <testcase classname="adactin.test.SearchHotelTest" name="testSelectHotel" time="9.666"/>
  <testcase classname="adactin.test.SearchHotelTest" name="testSelectHotel" time="12.708"/>
  <testcase classname="adactin.test.SearchHotelTest" name="testWithoutSelectHotel" time="2.325"/>
  <testcase classname="adactin.test.SearchHotelTest" name="testWithoutOptionalFields" time="1.429"/>
</testsuite> <!-- adactin.test.SearchHotelTest -->
