<?xml version="1.0" encoding="UTF-8"?>
<!-- Generated by org.testng.reporters.JUnitReportReporter -->
<testsuite hostname="DESKTOP-R589HK7" failures="0" tests="7" name="test.BookedItineraryTest" time="114.499" errors="0" timestamp="2025-04-08T13:12:03 IST" skipped="0">
  <testcase classname="test.BookedItineraryTest" name="testBookedItinerariLink" time="16.152"/>
  <testcase classname="test.BookedItineraryTest" name="verifyDetails" time="0.103"/>
  <testcase classname="test.BookedItineraryTest" name="testCancelBookingWithCheckBox" time="19.664"/>
  <testcase classname="test.BookedItineraryTest" name="testCancelWithOrderBtn" time="10.751"/>
  <testcase classname="test.BookedItineraryTest" name="testSearchOrder" time="41.267"/>
  <testcase classname="test.BookedItineraryTest" name="testSelectAllCehckbox" time="12.427"/>
  <testcase classname="test.BookedItineraryTest" name="testLogout" time="14.135"/>
</testsuite> <!-- test.BookedItineraryTest -->
