<?xml version="1.0" encoding="UTF-8"?>
<!-- Generated by org.testng.reporters.JUnitReportReporter -->
<testsuite hostname="DESKTOP-R589HK7" failures="0" tests="2" name="adactin.test.LoginTest" time="0.523" errors="0" timestamp="2025-04-09T11:09:12 IST" skipped="0">
  <testcase classname="adactin.test.LoginTest" name="testLogo" time="0.398"/>
  <testcase classname="adactin.test.LoginTest" name="isLoginBtnEnabled" time="0.125"/>
</testsuite> <!-- adactin.test.LoginTest -->
