<?xml version="1.0" encoding="UTF-8"?>
<!-- Generated by org.testng.reporters.JUnitReportReporter -->
<testsuite hostname="DESKTOP-R589HK7" failures="0" tests="8" name="adactin.test.BookedItineraryTest" time="221.606" errors="0" timestamp="2025-04-09T11:09:12 IST" skipped="0">
  <testcase classname="adactin.test.BookedItineraryTest" name="testBookedItinerariLink" time="12.448"/>
  <testcase classname="adactin.test.BookedItineraryTest" name="verifyDetails" time="0.105"/>
  <testcase classname="adactin.test.BookedItineraryTest" name="testCancelBookingWithCheckBox" time="47.303"/>
  <testcase classname="adactin.test.BookedItineraryTest" name="testCancelWithOrderBtn" time="31.320"/>
  <testcase classname="adactin.test.BookedItineraryTest" name="testSearchOrder" time="53.170"/>
  <testcase classname="adactin.test.BookedItineraryTest" name="testSelectAllCehckbox" time="28.674"/>
  <testcase classname="adactin.test.BookedItineraryTest" name="testLogout" time="48.195"/>
  <testcase classname="adactin.test.BookedItineraryTest" name="testLoginAgain" time="0.391"/>
</testsuite> <!-- adactin.test.BookedItineraryTest -->
