<?xml version="1.0" encoding="UTF-8"?>
<!-- Generated by org.testng.reporters.JUnitReportReporter -->
<testsuite hostname="DESKTOP-R589HK7" failures="0" tests="11" name="adactin.test.SearchHotelTest" time="82.112" errors="0" timestamp="2025-04-09T11:09:12 IST" skipped="0">
  <testcase classname="adactin.test.SearchHotelTest" name="testLinksDispay" time="1.371"/>
  <testcase classname="adactin.test.SearchHotelTest" name="testSearchHotel" time="2.332"/>
  <testcase classname="adactin.test.SearchHotelTest" name="bookingWithPastDate" time="2.859"/>
  <testcase classname="adactin.test.SearchHotelTest" name="searchWithoutLocation" time="0.733"/>
  <testcase classname="adactin.test.SearchHotelTest" name="testSelectHotel" time="10.410"/>
  <testcase classname="adactin.test.SearchHotelTest" name="testSelectHotel" time="10.669"/>
  <testcase classname="adactin.test.SearchHotelTest" name="testSelectHotel" time="14.094"/>
  <testcase classname="adactin.test.SearchHotelTest" name="testSelectHotel" time="24.169"/>
  <testcase classname="adactin.test.SearchHotelTest" name="testSelectHotel" time="11.344"/>
  <testcase classname="adactin.test.SearchHotelTest" name="testWithoutSelectHotel" time="2.693"/>
  <testcase classname="adactin.test.SearchHotelTest" name="testWithoutOptionalFields" time="1.438"/>
</testsuite> <!-- adactin.test.SearchHotelTest -->
